[debug] [2024-09-13T15:11:55.045Z] ----------------------------------------------------------------------
[debug] [2024-09-13T15:11:55.048Z] Command:       C:\Program Files\nodejs\node.exe C:\Users\kunno\AppData\Roaming\npm\node_modules\firebase-tools\lib\bin\firebase.js init
[debug] [2024-09-13T15:11:55.048Z] CLI Version:   13.0.2
[debug] [2024-09-13T15:11:55.048Z] Platform:      win32
[debug] [2024-09-13T15:11:55.048Z] Node Version:  v20.10.0
[debug] [2024-09-13T15:11:55.049Z] Time:          Fri Sep 13 2024 22:11:55 GMT+0700 (Indochina Time)
[debug] [2024-09-13T15:11:55.049Z] ----------------------------------------------------------------------
[debug] 
[debug] [2024-09-13T15:11:55.052Z] >>> [apiv2][query] GET https://firebase-public.firebaseio.com/cli.json [none]
[debug] [2024-09-13T15:11:55.106Z] > command requires scopes: ["email","openid","https://www.googleapis.com/auth/cloudplatformprojects.readonly","https://www.googleapis.com/auth/firebase","https://www.googleapis.com/auth/cloud-platform"]
[debug] [2024-09-13T15:11:55.106Z] > authorizing via signed-in user (kunnoppakun007@gmail.com)
[info] 
     ######## #### ########  ######## ########     ###     ######  ########
     ##        ##  ##     ## ##       ##     ##  ##   ##  ##       ##
     ######    ##  ########  ######   ########  #########  ######  ######
     ##        ##  ##    ##  ##       ##     ## ##     ##       ## ##
     ##       #### ##     ## ######## ########  ##     ##  ######  ########

You're about to initialize a Firebase project in this directory:

  C:\Code_Project\FullWeb\quizify

Before we get started, keep in mind:

  * You are currently outside your home directory

[debug] [2024-09-13T15:11:55.715Z] <<< [apiv2][status] GET https://firebase-public.firebaseio.com/cli.json 200
[debug] [2024-09-13T15:11:55.715Z] <<< [apiv2][body] GET https://firebase-public.firebaseio.com/cli.json {"cloudBuildErrorAfter":1594252800000,"cloudBuildWarnAfter":1590019200000,"defaultNode10After":1594252800000,"minVersion":"3.0.5","node8DeploysDisabledAfter":1613390400000,"node8RuntimeDisabledAfter":1615809600000,"node8WarnAfter":1600128000000}
